<?xml version="1.0" encoding="UTF-8"?>
<!-- Generated by org.testng.reporters.JUnitXMLReporter -->
<testsuite ignored="1" hostname="user1" failures="0" tests="1" name="SampleTest(failed)(failed)" time="7.816" errors="0" timestamp="2025-04-02T14:54:41 IST">
  <testcase classname="testScripts.BookSearchText" name="novelSearch" time="0.113"/>
  <testcase classname="testScripts.BookSearchText" name="crimeNovelSearch" time="0.0">
    <ignored/>
  </testcase> <!-- crimeNovelSearch -->
</testsuite> <!-- SampleTest(failed)(failed) -->
