<?xml version="1.0" encoding="UTF-8"?>
<!-- Generated by org.testng.reporters.JUnitXMLReporter -->
<testsuite ignored="0" hostname="user1" failures="0" tests="4" name="ModuleOneTest" time="4.793" errors="0" timestamp="2025-04-03T14:27:29 IST">
  <testcase classname="parallelScripts.SampleOneTest" name="testFour" time="4.091"/>
  <testcase classname="parallelScripts.SampleOneTest" name="testThree" time="4.139"/>
  <testcase classname="parallelScripts.SampleOneTest" name="testTwo" time="4.489"/>
  <testcase classname="parallelScripts.SampleOneTest" name="testOne" time="4.681"/>
</testsuite> <!-- ModuleOneTest -->
