<?xml version="1.0" encoding="UTF-8"?>
<!-- Generated by org.testng.reporters.JUnitXMLReporter -->
<testsuite ignored="0" hostname="user1" failures="0" tests="4" name="ModuleThreeTest" time="8.52" errors="0" timestamp="2025-04-03T14:49:12 IST">
  <testcase classname="parallelScripts.SampleThreeTest" name="testFour" time="2.725"/>
  <testcase classname="parallelScripts.SampleThreeTest" name="testOne" time="1.748"/>
  <testcase classname="parallelScripts.SampleThreeTest" name="testThree" time="2.636"/>
  <testcase classname="parallelScripts.SampleThreeTest" name="testTwo" time="1.395"/>
</testsuite> <!-- ModuleThreeTest -->
