<?xml version="1.0" encoding="UTF-8"?>
<!-- Generated by org.testng.reporters.JUnitXMLReporter -->
<testsuite ignored="0" hostname="user1" failures="1" tests="4" name="SampleTest" time="35.377" errors="0" timestamp="2025-04-02T16:54:56 IST">
  <testcase classname="testScripts.BookSearchText" name="crimeNovelSearch" time="0.129"/>
  <testcase classname="testScripts.BookSearchText" name="fantasySearch" time="0.119"/>
  <testcase classname="testScripts.BookSearchText" name="horrorSearch" time="0.113"/>
  <testcase classname="testScripts.BookSearchText" name="novelSearch" time="4.409">
    <failure type="java.lang.AssertionError" message="expected [true] but found [false]">
      <![CDATA[java.lang.AssertionError: expected [true] but found [false]
at testScripts.BookSearchText.novelSearch(BookSearchText.java:47)
at java.base/java.util.ArrayList.forEach(ArrayList.java:1511)
... Removed 31 stack frames]]>
    </failure>
  </testcase> <!-- novelSearch -->
</testsuite> <!-- SampleTest -->
