<?xml version="1.0" encoding="UTF-8"?>
<testng-results ignored="0" total="1" passed="1" failed="0" skipped="0">
  <reporter-output>
  </reporter-output>
  <suite started-at="2025-03-26T06:45:53 IST" name="Default suite" finished-at="2025-03-26T06:46:01 IST" duration-ms="7472">
    <groups>
    </groups>
    <test started-at="2025-03-26T06:45:53 IST" name="Default test" finished-at="2025-03-26T06:46:01 IST" duration-ms="7472">
      <class name="testScripts.GooglePageTest">
        <test-method signature="seleniumSearch()[pri:0, instance:testScripts.GooglePageTest@e350b40]" started-at="2025-03-26T06:45:54 IST" name="seleniumSearch" finished-at="2025-03-26T06:46:01 IST" duration-ms="7410" status="PASS">
          <reporter-output>
          </reporter-output>
        </test-method> <!-- seleniumSearch -->
      </class> <!-- testScripts.GooglePageTest -->
    </test> <!-- Default test -->
  </suite> <!-- Default suite -->
</testng-results>
